The system is: Linux - 4.19.128-microsoft-standard - x86_64
Compiling the C compiler identification source file "CMakeCCompilerId.c" succeeded.
Compiler: /usr/bin/cc 
Build flags: 
Id flags:  

The output was:
0


Compilation of the C compiler identification source "CMakeCCompilerId.c" produced "a.out"

The C compiler identification is Clang, found in "/home/fuzhe/projects/datastructures/build/CMakeFiles/3.22.3/CompilerIdC/a.out"

Compiling the CXX compiler identification source file "CMakeCXXCompilerId.cpp" succeeded.
Compiler: /usr/bin/c++ 
Build flags: 
Id flags:  

The output was:
0


Compilation of the CXX compiler identification source "CMakeCXXCompilerId.cpp" produced "a.out"

The CXX compiler identification is Clang, found in "/home/fuzhe/projects/datastructures/build/CMakeFiles/3.22.3/CompilerIdCXX/a.out"

Detecting C compiler ABI info compiled with the following output:
Change Dir: /home/fuzhe/projects/datastructures/build/CMakeFiles/CMakeTmp

Run Build Command(s):/usr/bin/make -f Makefile cmTC_e8033/fast && /usr/bin/make  -f CMakeFiles/cmTC_e8033.dir/build.make CMakeFiles/cmTC_e8033.dir/build
make[1]: Entering directory '/home/fuzhe/projects/datastructures/build/CMakeFiles/CMakeTmp'
Building C object CMakeFiles/cmTC_e8033.dir/CMakeCCompilerABI.c.o
/usr/bin/cc   -v -MD -MT CMakeFiles/cmTC_e8033.dir/CMakeCCompilerABI.c.o -MF CMakeFiles/cmTC_e8033.dir/CMakeCCompilerABI.c.o.d -o CMakeFiles/cmTC_e8033.dir/CMakeCCompilerABI.c.o -c /usr/local/share/cmake-3.22/Modules/CMakeCCompilerABI.c
Ubuntu clang version 12.0.1-++20210525082622+328a6ec95532-1~exp1~20210525063352.95
Target: x86_64-pc-linux-gnu
Thread model: posix
InstalledDir: /usr/bin
Found candidate GCC installation: /usr/bin/../lib/gcc/x86_64-linux-gnu/10
Found candidate GCC installation: /usr/bin/../lib/gcc/x86_64-linux-gnu/7
Found candidate GCC installation: /usr/bin/../lib/gcc/x86_64-linux-gnu/7.5.0
Found candidate GCC installation: /usr/bin/../lib/gcc/x86_64-linux-gnu/8
Found candidate GCC installation: /usr/bin/../lib/gcc/x86_64-linux-gnu/9
Found candidate GCC installation: /usr/lib/gcc/x86_64-linux-gnu/10
Found candidate GCC installation: /usr/lib/gcc/x86_64-linux-gnu/7
Found candidate GCC installation: /usr/lib/gcc/x86_64-linux-gnu/7.5.0
Found candidate GCC installation: /usr/lib/gcc/x86_64-linux-gnu/8
Found candidate GCC installation: /usr/lib/gcc/x86_64-linux-gnu/9
Selected GCC installation: /usr/bin/../lib/gcc/x86_64-linux-gnu/10
Candidate multilib: .;@m64
Selected multilib: .;@m64
 (in-process)
 "/usr/lib/llvm-12/bin/clang" -cc1 -triple x86_64-pc-linux-gnu -emit-obj -mrelax-all --mrelax-relocations -disable-free -disable-llvm-verifier -discard-value-names -main-file-name CMakeCCompilerABI.c -mrelocation-model static -mframe-pointer=all -fmath-errno -fno-rounding-math -mconstructor-aliases -munwind-tables -target-cpu x86-64 -tune-cpu generic -fno-split-dwarf-inlining -debugger-tuning=gdb -v -resource-dir /usr/lib/llvm-12/lib/clang/12.0.1 -dependency-file CMakeFiles/cmTC_e8033.dir/CMakeCCompilerABI.c.o.d -MT CMakeFiles/cmTC_e8033.dir/CMakeCCompilerABI.c.o -sys-header-deps -internal-isystem /usr/local/include -internal-isystem /usr/lib/llvm-12/lib/clang/12.0.1/include -internal-externc-isystem /usr/include/x86_64-linux-gnu -internal-externc-isystem /include -internal-externc-isystem /usr/include -fdebug-compilation-dir /home/fuzhe/projects/datastructures/build/CMakeFiles/CMakeTmp -ferror-limit 19 -fgnuc-version=4.2.1 -faddrsig -o CMakeFiles/cmTC_e8033.dir/CMakeCCompilerABI.c.o -x c /usr/local/share/cmake-3.22/Modules/CMakeCCompilerABI.c
clang -cc1 version 12.0.1 based upon LLVM 12.0.1 default target x86_64-pc-linux-gnu
ignoring nonexistent directory "/include"
#include "..." search starts here:
#include <...> search starts here:
 /usr/local/include
 /usr/lib/llvm-12/lib/clang/12.0.1/include
 /usr/include/x86_64-linux-gnu
 /usr/include
End of search list.
Linking C executable cmTC_e8033
/usr/local/bin/cmake -E cmake_link_script CMakeFiles/cmTC_e8033.dir/link.txt --verbose=1
/usr/bin/cc  -v CMakeFiles/cmTC_e8033.dir/CMakeCCompilerABI.c.o -o cmTC_e8033 
Ubuntu clang version 12.0.1-++20210525082622+328a6ec95532-1~exp1~20210525063352.95
Target: x86_64-pc-linux-gnu
Thread model: posix
InstalledDir: /usr/bin
Found candidate GCC installation: /usr/bin/../lib/gcc/x86_64-linux-gnu/10
Found candidate GCC installation: /usr/bin/../lib/gcc/x86_64-linux-gnu/7
Found candidate GCC installation: /usr/bin/../lib/gcc/x86_64-linux-gnu/7.5.0
Found candidate GCC installation: /usr/bin/../lib/gcc/x86_64-linux-gnu/8
Found candidate GCC installation: /usr/bin/../lib/gcc/x86_64-linux-gnu/9
Found candidate GCC installation: /usr/lib/gcc/x86_64-linux-gnu/10
Found candidate GCC installation: /usr/lib/gcc/x86_64-linux-gnu/7
Found candidate GCC installation: /usr/lib/gcc/x86_64-linux-gnu/7.5.0
Found candidate GCC installation: /usr/lib/gcc/x86_64-linux-gnu/8
Found candidate GCC installation: /usr/lib/gcc/x86_64-linux-gnu/9
Selected GCC installation: /usr/bin/../lib/gcc/x86_64-linux-gnu/10
Candidate multilib: .;@m64
Selected multilib: .;@m64
 "/usr/bin/ld" -z relro --hash-style=gnu --build-id --eh-frame-hdr -m elf_x86_64 -dynamic-linker /lib64/ld-linux-x86-64.so.2 -o cmTC_e8033 /usr/bin/../lib/gcc/x86_64-linux-gnu/10/../../../x86_64-linux-gnu/crt1.o /usr/bin/../lib/gcc/x86_64-linux-gnu/10/../../../x86_64-linux-gnu/crti.o /usr/bin/../lib/gcc/x86_64-linux-gnu/10/crtbegin.o -L/usr/bin/../lib/gcc/x86_64-linux-gnu/10 -L/usr/bin/../lib/gcc/x86_64-linux-gnu/10/../../../x86_64-linux-gnu -L/usr/bin/../lib/gcc/x86_64-linux-gnu/10/../../../../lib64 -L/lib/x86_64-linux-gnu -L/lib/../lib64 -L/usr/lib/x86_64-linux-gnu -L/usr/lib/../lib64 -L/usr/lib/x86_64-linux-gnu/../../lib64 -L/usr/bin/../lib/gcc/x86_64-linux-gnu/10/../../.. -L/usr/lib/llvm-12/bin/../lib -L/lib -L/usr/lib CMakeFiles/cmTC_e8033.dir/CMakeCCompilerABI.c.o -lgcc --as-needed -lgcc_s --no-as-needed -lc -lgcc --as-needed -lgcc_s --no-as-needed /usr/bin/../lib/gcc/x86_64-linux-gnu/10/crtend.o /usr/bin/../lib/gcc/x86_64-linux-gnu/10/../../../x86_64-linux-gnu/crtn.o
make[1]: Leaving directory '/home/fuzhe/projects/datastructures/build/CMakeFiles/CMakeTmp'



Parsed C implicit include dir info from above output: rv=done
  found start of include info
  found start of implicit include info
    add: [/usr/local/include]
    add: [/usr/lib/llvm-12/lib/clang/12.0.1/include]
    add: [/usr/include/x86_64-linux-gnu]
    add: [/usr/include]
  end of search list found
  collapse include dir [/usr/local/include] ==> [/usr/local/include]
  collapse include dir [/usr/lib/llvm-12/lib/clang/12.0.1/include] ==> [/usr/lib/llvm-12/lib/clang/12.0.1/include]
  collapse include dir [/usr/include/x86_64-linux-gnu] ==> [/usr/include/x86_64-linux-gnu]
  collapse include dir [/usr/include] ==> [/usr/include]
  implicit include dirs: [/usr/local/include;/usr/lib/llvm-12/lib/clang/12.0.1/include;/usr/include/x86_64-linux-gnu;/usr/include]


Parsed C implicit link information from above output:
  link line regex: [^( *|.*[/\])(ld\.lld|CMAKE_LINK_STARTFILE-NOTFOUND|([^/\]+-)?ld|collect2)[^/\]*( |$)]
  ignore line: [Change Dir: /home/fuzhe/projects/datastructures/build/CMakeFiles/CMakeTmp]
  ignore line: []
  ignore line: [Run Build Command(s):/usr/bin/make -f Makefile cmTC_e8033/fast && /usr/bin/make  -f CMakeFiles/cmTC_e8033.dir/build.make CMakeFiles/cmTC_e8033.dir/build]
  ignore line: [make[1]: Entering directory '/home/fuzhe/projects/datastructures/build/CMakeFiles/CMakeTmp']
  ignore line: [Building C object CMakeFiles/cmTC_e8033.dir/CMakeCCompilerABI.c.o]
  ignore line: [/usr/bin/cc   -v -MD -MT CMakeFiles/cmTC_e8033.dir/CMakeCCompilerABI.c.o -MF CMakeFiles/cmTC_e8033.dir/CMakeCCompilerABI.c.o.d -o CMakeFiles/cmTC_e8033.dir/CMakeCCompilerABI.c.o -c /usr/local/share/cmake-3.22/Modules/CMakeCCompilerABI.c]
  ignore line: [Ubuntu clang version 12.0.1-++20210525082622+328a6ec95532-1~exp1~20210525063352.95]
  ignore line: [Target: x86_64-pc-linux-gnu]
  ignore line: [Thread model: posix]
  ignore line: [InstalledDir: /usr/bin]
  ignore line: [Found candidate GCC installation: /usr/bin/../lib/gcc/x86_64-linux-gnu/10]
  ignore line: [Found candidate GCC installation: /usr/bin/../lib/gcc/x86_64-linux-gnu/7]
  ignore line: [Found candidate GCC installation: /usr/bin/../lib/gcc/x86_64-linux-gnu/7.5.0]
  ignore line: [Found candidate GCC installation: /usr/bin/../lib/gcc/x86_64-linux-gnu/8]
  ignore line: [Found candidate GCC installation: /usr/bin/../lib/gcc/x86_64-linux-gnu/9]
  ignore line: [Found candidate GCC installation: /usr/lib/gcc/x86_64-linux-gnu/10]
  ignore line: [Found candidate GCC installation: /usr/lib/gcc/x86_64-linux-gnu/7]
  ignore line: [Found candidate GCC installation: /usr/lib/gcc/x86_64-linux-gnu/7.5.0]
  ignore line: [Found candidate GCC installation: /usr/lib/gcc/x86_64-linux-gnu/8]
  ignore line: [Found candidate GCC installation: /usr/lib/gcc/x86_64-linux-gnu/9]
  ignore line: [Selected GCC installation: /usr/bin/../lib/gcc/x86_64-linux-gnu/10]
  ignore line: [Candidate multilib: .]
  ignore line: [@m64]
  ignore line: [Selected multilib: .]
  ignore line: [@m64]
  ignore line: [ (in-process)]
  ignore line: [ "/usr/lib/llvm-12/bin/clang" -cc1 -triple x86_64-pc-linux-gnu -emit-obj -mrelax-all --mrelax-relocations -disable-free -disable-llvm-verifier -discard-value-names -main-file-name CMakeCCompilerABI.c -mrelocation-model static -mframe-pointer=all -fmath-errno -fno-rounding-math -mconstructor-aliases -munwind-tables -target-cpu x86-64 -tune-cpu generic -fno-split-dwarf-inlining -debugger-tuning=gdb -v -resource-dir /usr/lib/llvm-12/lib/clang/12.0.1 -dependency-file CMakeFiles/cmTC_e8033.dir/CMakeCCompilerABI.c.o.d -MT CMakeFiles/cmTC_e8033.dir/CMakeCCompilerABI.c.o -sys-header-deps -internal-isystem /usr/local/include -internal-isystem /usr/lib/llvm-12/lib/clang/12.0.1/include -internal-externc-isystem /usr/include/x86_64-linux-gnu -internal-externc-isystem /include -internal-externc-isystem /usr/include -fdebug-compilation-dir /home/fuzhe/projects/datastructures/build/CMakeFiles/CMakeTmp -ferror-limit 19 -fgnuc-version=4.2.1 -faddrsig -o CMakeFiles/cmTC_e8033.dir/CMakeCCompilerABI.c.o -x c /usr/local/share/cmake-3.22/Modules/CMakeCCompilerABI.c]
  ignore line: [clang -cc1 version 12.0.1 based upon LLVM 12.0.1 default target x86_64-pc-linux-gnu]
  ignore line: [ignoring nonexistent directory "/include"]
  ignore line: [#include "..." search starts here:]
  ignore line: [#include <...> search starts here:]
  ignore line: [ /usr/local/include]
  ignore line: [ /usr/lib/llvm-12/lib/clang/12.0.1/include]
  ignore line: [ /usr/include/x86_64-linux-gnu]
  ignore line: [ /usr/include]
  ignore line: [End of search list.]
  ignore line: [Linking C executable cmTC_e8033]
  ignore line: [/usr/local/bin/cmake -E cmake_link_script CMakeFiles/cmTC_e8033.dir/link.txt --verbose=1]
  ignore line: [/usr/bin/cc  -v CMakeFiles/cmTC_e8033.dir/CMakeCCompilerABI.c.o -o cmTC_e8033 ]
  ignore line: [Ubuntu clang version 12.0.1-++20210525082622+328a6ec95532-1~exp1~20210525063352.95]
  ignore line: [Target: x86_64-pc-linux-gnu]
  ignore line: [Thread model: posix]
  ignore line: [InstalledDir: /usr/bin]
  ignore line: [Found candidate GCC installation: /usr/bin/../lib/gcc/x86_64-linux-gnu/10]
  ignore line: [Found candidate GCC installation: /usr/bin/../lib/gcc/x86_64-linux-gnu/7]
  ignore line: [Found candidate GCC installation: /usr/bin/../lib/gcc/x86_64-linux-gnu/7.5.0]
  ignore line: [Found candidate GCC installation: /usr/bin/../lib/gcc/x86_64-linux-gnu/8]
  ignore line: [Found candidate GCC installation: /usr/bin/../lib/gcc/x86_64-linux-gnu/9]
  ignore line: [Found candidate GCC installation: /usr/lib/gcc/x86_64-linux-gnu/10]
  ignore line: [Found candidate GCC installation: /usr/lib/gcc/x86_64-linux-gnu/7]
  ignore line: [Found candidate GCC installation: /usr/lib/gcc/x86_64-linux-gnu/7.5.0]
  ignore line: [Found candidate GCC installation: /usr/lib/gcc/x86_64-linux-gnu/8]
  ignore line: [Found candidate GCC installation: /usr/lib/gcc/x86_64-linux-gnu/9]
  ignore line: [Selected GCC installation: /usr/bin/../lib/gcc/x86_64-linux-gnu/10]
  ignore line: [Candidate multilib: .]
  ignore line: [@m64]
  ignore line: [Selected multilib: .]
  ignore line: [@m64]
  link line: [ "/usr/bin/ld" -z relro --hash-style=gnu --build-id --eh-frame-hdr -m elf_x86_64 -dynamic-linker /lib64/ld-linux-x86-64.so.2 -o cmTC_e8033 /usr/bin/../lib/gcc/x86_64-linux-gnu/10/../../../x86_64-linux-gnu/crt1.o /usr/bin/../lib/gcc/x86_64-linux-gnu/10/../../../x86_64-linux-gnu/crti.o /usr/bin/../lib/gcc/x86_64-linux-gnu/10/crtbegin.o -L/usr/bin/../lib/gcc/x86_64-linux-gnu/10 -L/usr/bin/../lib/gcc/x86_64-linux-gnu/10/../../../x86_64-linux-gnu -L/usr/bin/../lib/gcc/x86_64-linux-gnu/10/../../../../lib64 -L/lib/x86_64-linux-gnu -L/lib/../lib64 -L/usr/lib/x86_64-linux-gnu -L/usr/lib/../lib64 -L/usr/lib/x86_64-linux-gnu/../../lib64 -L/usr/bin/../lib/gcc/x86_64-linux-gnu/10/../../.. -L/usr/lib/llvm-12/bin/../lib -L/lib -L/usr/lib CMakeFiles/cmTC_e8033.dir/CMakeCCompilerABI.c.o -lgcc --as-needed -lgcc_s --no-as-needed -lc -lgcc --as-needed -lgcc_s --no-as-needed /usr/bin/../lib/gcc/x86_64-linux-gnu/10/crtend.o /usr/bin/../lib/gcc/x86_64-linux-gnu/10/../../../x86_64-linux-gnu/crtn.o]
    arg [/usr/bin/ld] ==> ignore
    arg [-zrelro] ==> ignore
    arg [--hash-style=gnu] ==> ignore
    arg [--build-id] ==> ignore
    arg [--eh-frame-hdr] ==> ignore
    arg [-m] ==> ignore
    arg [elf_x86_64] ==> ignore
    arg [-dynamic-linker] ==> ignore
    arg [/lib64/ld-linux-x86-64.so.2] ==> ignore
    arg [-o] ==> ignore
    arg [cmTC_e8033] ==> ignore
    arg [/usr/bin/../lib/gcc/x86_64-linux-gnu/10/../../../x86_64-linux-gnu/crt1.o] ==> obj [/usr/bin/../lib/gcc/x86_64-linux-gnu/10/../../../x86_64-linux-gnu/crt1.o]
    arg [/usr/bin/../lib/gcc/x86_64-linux-gnu/10/../../../x86_64-linux-gnu/crti.o] ==> obj [/usr/bin/../lib/gcc/x86_64-linux-gnu/10/../../../x86_64-linux-gnu/crti.o]
    arg [/usr/bin/../lib/gcc/x86_64-linux-gnu/10/crtbegin.o] ==> obj [/usr/bin/../lib/gcc/x86_64-linux-gnu/10/crtbegin.o]
    arg [-L/usr/bin/../lib/gcc/x86_64-linux-gnu/10] ==> dir [/usr/bin/../lib/gcc/x86_64-linux-gnu/10]
    arg [-L/usr/bin/../lib/gcc/x86_64-linux-gnu/10/../../../x86_64-linux-gnu] ==> dir [/usr/bin/../lib/gcc/x86_64-linux-gnu/10/../../../x86_64-linux-gnu]
    arg [-L/usr/bin/../lib/gcc/x86_64-linux-gnu/10/../../../../lib64] ==> dir [/usr/bin/../lib/gcc/x86_64-linux-gnu/10/../../../../lib64]
    arg [-L/lib/x86_64-linux-gnu] ==> dir [/lib/x86_64-linux-gnu]
    arg [-L/lib/../lib64] ==> dir [/lib/../lib64]
    arg [-L/usr/lib/x86_64-linux-gnu] ==> dir [/usr/lib/x86_64-linux-gnu]
    arg [-L/usr/lib/../lib64] ==> dir [/usr/lib/../lib64]
    arg [-L/usr/lib/x86_64-linux-gnu/../../lib64] ==> dir [/usr/lib/x86_64-linux-gnu/../../lib64]
    arg [-L/usr/bin/../lib/gcc/x86_64-linux-gnu/10/../../..] ==> dir [/usr/bin/../lib/gcc/x86_64-linux-gnu/10/../../..]
    arg [-L/usr/lib/llvm-12/bin/../lib] ==> dir [/usr/lib/llvm-12/bin/../lib]
    arg [-L/lib] ==> dir [/lib]
    arg [-L/usr/lib] ==> dir [/usr/lib]
    arg [CMakeFiles/cmTC_e8033.dir/CMakeCCompilerABI.c.o] ==> ignore
    arg [-lgcc] ==> lib [gcc]
    arg [--as-needed] ==> ignore
    arg [-lgcc_s] ==> lib [gcc_s]
    arg [--no-as-needed] ==> ignore
    arg [-lc] ==> lib [c]
    arg [-lgcc] ==> lib [gcc]
    arg [--as-needed] ==> ignore
    arg [-lgcc_s] ==> lib [gcc_s]
    arg [--no-as-needed] ==> ignore
    arg [/usr/bin/../lib/gcc/x86_64-linux-gnu/10/crtend.o] ==> obj [/usr/bin/../lib/gcc/x86_64-linux-gnu/10/crtend.o]
    arg [/usr/bin/../lib/gcc/x86_64-linux-gnu/10/../../../x86_64-linux-gnu/crtn.o] ==> obj [/usr/bin/../lib/gcc/x86_64-linux-gnu/10/../../../x86_64-linux-gnu/crtn.o]
  collapse obj [/usr/bin/../lib/gcc/x86_64-linux-gnu/10/../../../x86_64-linux-gnu/crt1.o] ==> [/usr/lib/x86_64-linux-gnu/crt1.o]
  collapse obj [/usr/bin/../lib/gcc/x86_64-linux-gnu/10/../../../x86_64-linux-gnu/crti.o] ==> [/usr/lib/x86_64-linux-gnu/crti.o]
  collapse obj [/usr/bin/../lib/gcc/x86_64-linux-gnu/10/crtbegin.o] ==> [/usr/lib/gcc/x86_64-linux-gnu/10/crtbegin.o]
  collapse obj [/usr/bin/../lib/gcc/x86_64-linux-gnu/10/crtend.o] ==> [/usr/lib/gcc/x86_64-linux-gnu/10/crtend.o]
  collapse obj [/usr/bin/../lib/gcc/x86_64-linux-gnu/10/../../../x86_64-linux-gnu/crtn.o] ==> [/usr/lib/x86_64-linux-gnu/crtn.o]
  collapse library dir [/usr/bin/../lib/gcc/x86_64-linux-gnu/10] ==> [/usr/lib/gcc/x86_64-linux-gnu/10]
  collapse library dir [/usr/bin/../lib/gcc/x86_64-linux-gnu/10/../../../x86_64-linux-gnu] ==> [/usr/lib/x86_64-linux-gnu]
  collapse library dir [/usr/bin/../lib/gcc/x86_64-linux-gnu/10/../../../../lib64] ==> [/usr/lib64]
  collapse library dir [/lib/x86_64-linux-gnu] ==> [/lib/x86_64-linux-gnu]
  collapse library dir [/lib/../lib64] ==> [/lib64]
  collapse library dir [/usr/lib/x86_64-linux-gnu] ==> [/usr/lib/x86_64-linux-gnu]
  collapse library dir [/usr/lib/../lib64] ==> [/usr/lib64]
  collapse library dir [/usr/lib/x86_64-linux-gnu/../../lib64] ==> [/usr/lib64]
  collapse library dir [/usr/bin/../lib/gcc/x86_64-linux-gnu/10/../../..] ==> [/usr/lib]
  collapse library dir [/usr/lib/llvm-12/bin/../lib] ==> [/usr/lib/llvm-12/lib]
  collapse library dir [/lib] ==> [/lib]
  collapse library dir [/usr/lib] ==> [/usr/lib]
  implicit libs: [gcc;gcc_s;c;gcc;gcc_s]
  implicit objs: [/usr/lib/x86_64-linux-gnu/crt1.o;/usr/lib/x86_64-linux-gnu/crti.o;/usr/lib/gcc/x86_64-linux-gnu/10/crtbegin.o;/usr/lib/gcc/x86_64-linux-gnu/10/crtend.o;/usr/lib/x86_64-linux-gnu/crtn.o]
  implicit dirs: [/usr/lib/gcc/x86_64-linux-gnu/10;/usr/lib/x86_64-linux-gnu;/usr/lib64;/lib/x86_64-linux-gnu;/lib64;/usr/lib;/usr/lib/llvm-12/lib;/lib]
  implicit fwks: []


Detecting CXX compiler ABI info compiled with the following output:
Change Dir: /home/fuzhe/projects/datastructures/build/CMakeFiles/CMakeTmp

Run Build Command(s):/usr/bin/make -f Makefile cmTC_efedd/fast && /usr/bin/make  -f CMakeFiles/cmTC_efedd.dir/build.make CMakeFiles/cmTC_efedd.dir/build
make[1]: Entering directory '/home/fuzhe/projects/datastructures/build/CMakeFiles/CMakeTmp'
Building CXX object CMakeFiles/cmTC_efedd.dir/CMakeCXXCompilerABI.cpp.o
/usr/bin/c++   -v -MD -MT CMakeFiles/cmTC_efedd.dir/CMakeCXXCompilerABI.cpp.o -MF CMakeFiles/cmTC_efedd.dir/CMakeCXXCompilerABI.cpp.o.d -o CMakeFiles/cmTC_efedd.dir/CMakeCXXCompilerABI.cpp.o -c /usr/local/share/cmake-3.22/Modules/CMakeCXXCompilerABI.cpp
Ubuntu clang version 12.0.1-++20210525082622+328a6ec95532-1~exp1~20210525063352.95
Target: x86_64-pc-linux-gnu
Thread model: posix
InstalledDir: /usr/bin
Found candidate GCC installation: /usr/bin/../lib/gcc/x86_64-linux-gnu/10
Found candidate GCC installation: /usr/bin/../lib/gcc/x86_64-linux-gnu/7
Found candidate GCC installation: /usr/bin/../lib/gcc/x86_64-linux-gnu/7.5.0
Found candidate GCC installation: /usr/bin/../lib/gcc/x86_64-linux-gnu/8
Found candidate GCC installation: /usr/bin/../lib/gcc/x86_64-linux-gnu/9
Found candidate GCC installation: /usr/lib/gcc/x86_64-linux-gnu/10
Found candidate GCC installation: /usr/lib/gcc/x86_64-linux-gnu/7
Found candidate GCC installation: /usr/lib/gcc/x86_64-linux-gnu/7.5.0
Found candidate GCC installation: /usr/lib/gcc/x86_64-linux-gnu/8
Found candidate GCC installation: /usr/lib/gcc/x86_64-linux-gnu/9
Selected GCC installation: /usr/bin/../lib/gcc/x86_64-linux-gnu/10
Candidate multilib: .;@m64
Selected multilib: .;@m64
 (in-process)
 "/usr/lib/llvm-12/bin/clang" -cc1 -triple x86_64-pc-linux-gnu -emit-obj -mrelax-all --mrelax-relocations -disable-free -disable-llvm-verifier -discard-value-names -main-file-name CMakeCXXCompilerABI.cpp -mrelocation-model static -mframe-pointer=all -fmath-errno -fno-rounding-math -mconstructor-aliases -munwind-tables -target-cpu x86-64 -tune-cpu generic -fno-split-dwarf-inlining -debugger-tuning=gdb -v -resource-dir /usr/lib/llvm-12/lib/clang/12.0.1 -dependency-file CMakeFiles/cmTC_efedd.dir/CMakeCXXCompilerABI.cpp.o.d -MT CMakeFiles/cmTC_efedd.dir/CMakeCXXCompilerABI.cpp.o -sys-header-deps -internal-isystem /usr/bin/../lib/gcc/x86_64-linux-gnu/10/../../../../include/c++/10 -internal-isystem /usr/bin/../lib/gcc/x86_64-linux-gnu/10/../../../../include/x86_64-linux-gnu/c++/10 -internal-isystem /usr/bin/../lib/gcc/x86_64-linux-gnu/10/../../../../include/x86_64-linux-gnu/c++/10 -internal-isystem /usr/bin/../lib/gcc/x86_64-linux-gnu/10/../../../../include/c++/10/backward -internal-isystem /usr/local/include -internal-isystem /usr/lib/llvm-12/lib/clang/12.0.1/include -internal-externc-isystem /usr/include/x86_64-linux-gnu -internal-externc-isystem /include -internal-externc-isystem /usr/include -fdeprecated-macro -fdebug-compilation-dir /home/fuzhe/projects/datastructures/build/CMakeFiles/CMakeTmp -ferror-limit 19 -fgnuc-version=4.2.1 -fcxx-exceptions -fexceptions -faddrsig -o CMakeFiles/cmTC_efedd.dir/CMakeCXXCompilerABI.cpp.o -x c++ /usr/local/share/cmake-3.22/Modules/CMakeCXXCompilerABI.cpp
clang -cc1 version 12.0.1 based upon LLVM 12.0.1 default target x86_64-pc-linux-gnu
ignoring nonexistent directory "/include"
ignoring duplicate directory "/usr/bin/../lib/gcc/x86_64-linux-gnu/10/../../../../include/x86_64-linux-gnu/c++/10"
#include "..." search starts here:
#include <...> search starts here:
 /usr/bin/../lib/gcc/x86_64-linux-gnu/10/../../../../include/c++/10
 /usr/bin/../lib/gcc/x86_64-linux-gnu/10/../../../../include/x86_64-linux-gnu/c++/10
 /usr/bin/../lib/gcc/x86_64-linux-gnu/10/../../../../include/c++/10/backward
 /usr/local/include
 /usr/lib/llvm-12/lib/clang/12.0.1/include
 /usr/include/x86_64-linux-gnu
 /usr/include
End of search list.
Linking CXX executable cmTC_efedd
/usr/local/bin/cmake -E cmake_link_script CMakeFiles/cmTC_efedd.dir/link.txt --verbose=1
/usr/bin/c++  -v CMakeFiles/cmTC_efedd.dir/CMakeCXXCompilerABI.cpp.o -o cmTC_efedd 
Ubuntu clang version 12.0.1-++20210525082622+328a6ec95532-1~exp1~20210525063352.95
Target: x86_64-pc-linux-gnu
Thread model: posix
InstalledDir: /usr/bin
Found candidate GCC installation: /usr/bin/../lib/gcc/x86_64-linux-gnu/10
Found candidate GCC installation: /usr/bin/../lib/gcc/x86_64-linux-gnu/7
Found candidate GCC installation: /usr/bin/../lib/gcc/x86_64-linux-gnu/7.5.0
Found candidate GCC installation: /usr/bin/../lib/gcc/x86_64-linux-gnu/8
Found candidate GCC installation: /usr/bin/../lib/gcc/x86_64-linux-gnu/9
Found candidate GCC installation: /usr/lib/gcc/x86_64-linux-gnu/10
Found candidate GCC installation: /usr/lib/gcc/x86_64-linux-gnu/7
Found candidate GCC installation: /usr/lib/gcc/x86_64-linux-gnu/7.5.0
Found candidate GCC installation: /usr/lib/gcc/x86_64-linux-gnu/8
Found candidate GCC installation: /usr/lib/gcc/x86_64-linux-gnu/9
Selected GCC installation: /usr/bin/../lib/gcc/x86_64-linux-gnu/10
Candidate multilib: .;@m64
Selected multilib: .;@m64
 "/usr/bin/ld" -z relro --hash-style=gnu --build-id --eh-frame-hdr -m elf_x86_64 -dynamic-linker /lib64/ld-linux-x86-64.so.2 -o cmTC_efedd /usr/bin/../lib/gcc/x86_64-linux-gnu/10/../../../x86_64-linux-gnu/crt1.o /usr/bin/../lib/gcc/x86_64-linux-gnu/10/../../../x86_64-linux-gnu/crti.o /usr/bin/../lib/gcc/x86_64-linux-gnu/10/crtbegin.o -L/usr/bin/../lib/gcc/x86_64-linux-gnu/10 -L/usr/bin/../lib/gcc/x86_64-linux-gnu/10/../../../x86_64-linux-gnu -L/usr/bin/../lib/gcc/x86_64-linux-gnu/10/../../../../lib64 -L/lib/x86_64-linux-gnu -L/lib/../lib64 -L/usr/lib/x86_64-linux-gnu -L/usr/lib/../lib64 -L/usr/lib/x86_64-linux-gnu/../../lib64 -L/usr/bin/../lib/gcc/x86_64-linux-gnu/10/../../.. -L/usr/lib/llvm-12/bin/../lib -L/lib -L/usr/lib CMakeFiles/cmTC_efedd.dir/CMakeCXXCompilerABI.cpp.o -lstdc++ -lm -lgcc_s -lgcc -lc -lgcc_s -lgcc /usr/bin/../lib/gcc/x86_64-linux-gnu/10/crtend.o /usr/bin/../lib/gcc/x86_64-linux-gnu/10/../../../x86_64-linux-gnu/crtn.o
make[1]: Leaving directory '/home/fuzhe/projects/datastructures/build/CMakeFiles/CMakeTmp'



Parsed CXX implicit include dir info from above output: rv=done
  found start of include info
  found start of implicit include info
    add: [/usr/bin/../lib/gcc/x86_64-linux-gnu/10/../../../../include/c++/10]
    add: [/usr/bin/../lib/gcc/x86_64-linux-gnu/10/../../../../include/x86_64-linux-gnu/c++/10]
    add: [/usr/bin/../lib/gcc/x86_64-linux-gnu/10/../../../../include/c++/10/backward]
    add: [/usr/local/include]
    add: [/usr/lib/llvm-12/lib/clang/12.0.1/include]
    add: [/usr/include/x86_64-linux-gnu]
    add: [/usr/include]
  end of search list found
  collapse include dir [/usr/bin/../lib/gcc/x86_64-linux-gnu/10/../../../../include/c++/10] ==> [/usr/include/c++/10]
  collapse include dir [/usr/bin/../lib/gcc/x86_64-linux-gnu/10/../../../../include/x86_64-linux-gnu/c++/10] ==> [/usr/include/x86_64-linux-gnu/c++/10]
  collapse include dir [/usr/bin/../lib/gcc/x86_64-linux-gnu/10/../../../../include/c++/10/backward] ==> [/usr/include/c++/10/backward]
  collapse include dir [/usr/local/include] ==> [/usr/local/include]
  collapse include dir [/usr/lib/llvm-12/lib/clang/12.0.1/include] ==> [/usr/lib/llvm-12/lib/clang/12.0.1/include]
  collapse include dir [/usr/include/x86_64-linux-gnu] ==> [/usr/include/x86_64-linux-gnu]
  collapse include dir [/usr/include] ==> [/usr/include]
  implicit include dirs: [/usr/include/c++/10;/usr/include/x86_64-linux-gnu/c++/10;/usr/include/c++/10/backward;/usr/local/include;/usr/lib/llvm-12/lib/clang/12.0.1/include;/usr/include/x86_64-linux-gnu;/usr/include]


Parsed CXX implicit link information from above output:
  link line regex: [^( *|.*[/\])(ld\.lld|CMAKE_LINK_STARTFILE-NOTFOUND|([^/\]+-)?ld|collect2)[^/\]*( |$)]
  ignore line: [Change Dir: /home/fuzhe/projects/datastructures/build/CMakeFiles/CMakeTmp]
  ignore line: []
  ignore line: [Run Build Command(s):/usr/bin/make -f Makefile cmTC_efedd/fast && /usr/bin/make  -f CMakeFiles/cmTC_efedd.dir/build.make CMakeFiles/cmTC_efedd.dir/build]
  ignore line: [make[1]: Entering directory '/home/fuzhe/projects/datastructures/build/CMakeFiles/CMakeTmp']
  ignore line: [Building CXX object CMakeFiles/cmTC_efedd.dir/CMakeCXXCompilerABI.cpp.o]
  ignore line: [/usr/bin/c++   -v -MD -MT CMakeFiles/cmTC_efedd.dir/CMakeCXXCompilerABI.cpp.o -MF CMakeFiles/cmTC_efedd.dir/CMakeCXXCompilerABI.cpp.o.d -o CMakeFiles/cmTC_efedd.dir/CMakeCXXCompilerABI.cpp.o -c /usr/local/share/cmake-3.22/Modules/CMakeCXXCompilerABI.cpp]
  ignore line: [Ubuntu clang version 12.0.1-++20210525082622+328a6ec95532-1~exp1~20210525063352.95]
  ignore line: [Target: x86_64-pc-linux-gnu]
  ignore line: [Thread model: posix]
  ignore line: [InstalledDir: /usr/bin]
  ignore line: [Found candidate GCC installation: /usr/bin/../lib/gcc/x86_64-linux-gnu/10]
  ignore line: [Found candidate GCC installation: /usr/bin/../lib/gcc/x86_64-linux-gnu/7]
  ignore line: [Found candidate GCC installation: /usr/bin/../lib/gcc/x86_64-linux-gnu/7.5.0]
  ignore line: [Found candidate GCC installation: /usr/bin/../lib/gcc/x86_64-linux-gnu/8]
  ignore line: [Found candidate GCC installation: /usr/bin/../lib/gcc/x86_64-linux-gnu/9]
  ignore line: [Found candidate GCC installation: /usr/lib/gcc/x86_64-linux-gnu/10]
  ignore line: [Found candidate GCC installation: /usr/lib/gcc/x86_64-linux-gnu/7]
  ignore line: [Found candidate GCC installation: /usr/lib/gcc/x86_64-linux-gnu/7.5.0]
  ignore line: [Found candidate GCC installation: /usr/lib/gcc/x86_64-linux-gnu/8]
  ignore line: [Found candidate GCC installation: /usr/lib/gcc/x86_64-linux-gnu/9]
  ignore line: [Selected GCC installation: /usr/bin/../lib/gcc/x86_64-linux-gnu/10]
  ignore line: [Candidate multilib: .]
  ignore line: [@m64]
  ignore line: [Selected multilib: .]
  ignore line: [@m64]
  ignore line: [ (in-process)]
  ignore line: [ "/usr/lib/llvm-12/bin/clang" -cc1 -triple x86_64-pc-linux-gnu -emit-obj -mrelax-all --mrelax-relocations -disable-free -disable-llvm-verifier -discard-value-names -main-file-name CMakeCXXCompilerABI.cpp -mrelocation-model static -mframe-pointer=all -fmath-errno -fno-rounding-math -mconstructor-aliases -munwind-tables -target-cpu x86-64 -tune-cpu generic -fno-split-dwarf-inlining -debugger-tuning=gdb -v -resource-dir /usr/lib/llvm-12/lib/clang/12.0.1 -dependency-file CMakeFiles/cmTC_efedd.dir/CMakeCXXCompilerABI.cpp.o.d -MT CMakeFiles/cmTC_efedd.dir/CMakeCXXCompilerABI.cpp.o -sys-header-deps -internal-isystem /usr/bin/../lib/gcc/x86_64-linux-gnu/10/../../../../include/c++/10 -internal-isystem /usr/bin/../lib/gcc/x86_64-linux-gnu/10/../../../../include/x86_64-linux-gnu/c++/10 -internal-isystem /usr/bin/../lib/gcc/x86_64-linux-gnu/10/../../../../include/x86_64-linux-gnu/c++/10 -internal-isystem /usr/bin/../lib/gcc/x86_64-linux-gnu/10/../../../../include/c++/10/backward -internal-isystem /usr/local/include -internal-isystem /usr/lib/llvm-12/lib/clang/12.0.1/include -internal-externc-isystem /usr/include/x86_64-linux-gnu -internal-externc-isystem /include -internal-externc-isystem /usr/include -fdeprecated-macro -fdebug-compilation-dir /home/fuzhe/projects/datastructures/build/CMakeFiles/CMakeTmp -ferror-limit 19 -fgnuc-version=4.2.1 -fcxx-exceptions -fexceptions -faddrsig -o CMakeFiles/cmTC_efedd.dir/CMakeCXXCompilerABI.cpp.o -x c++ /usr/local/share/cmake-3.22/Modules/CMakeCXXCompilerABI.cpp]
  ignore line: [clang -cc1 version 12.0.1 based upon LLVM 12.0.1 default target x86_64-pc-linux-gnu]
  ignore line: [ignoring nonexistent directory "/include"]
  ignore line: [ignoring duplicate directory "/usr/bin/../lib/gcc/x86_64-linux-gnu/10/../../../../include/x86_64-linux-gnu/c++/10"]
  ignore line: [#include "..." search starts here:]
  ignore line: [#include <...> search starts here:]
  ignore line: [ /usr/bin/../lib/gcc/x86_64-linux-gnu/10/../../../../include/c++/10]
  ignore line: [ /usr/bin/../lib/gcc/x86_64-linux-gnu/10/../../../../include/x86_64-linux-gnu/c++/10]
  ignore line: [ /usr/bin/../lib/gcc/x86_64-linux-gnu/10/../../../../include/c++/10/backward]
  ignore line: [ /usr/local/include]
  ignore line: [ /usr/lib/llvm-12/lib/clang/12.0.1/include]
  ignore line: [ /usr/include/x86_64-linux-gnu]
  ignore line: [ /usr/include]
  ignore line: [End of search list.]
  ignore line: [Linking CXX executable cmTC_efedd]
  ignore line: [/usr/local/bin/cmake -E cmake_link_script CMakeFiles/cmTC_efedd.dir/link.txt --verbose=1]
  ignore line: [/usr/bin/c++  -v CMakeFiles/cmTC_efedd.dir/CMakeCXXCompilerABI.cpp.o -o cmTC_efedd ]
  ignore line: [Ubuntu clang version 12.0.1-++20210525082622+328a6ec95532-1~exp1~20210525063352.95]
  ignore line: [Target: x86_64-pc-linux-gnu]
  ignore line: [Thread model: posix]
  ignore line: [InstalledDir: /usr/bin]
  ignore line: [Found candidate GCC installation: /usr/bin/../lib/gcc/x86_64-linux-gnu/10]
  ignore line: [Found candidate GCC installation: /usr/bin/../lib/gcc/x86_64-linux-gnu/7]
  ignore line: [Found candidate GCC installation: /usr/bin/../lib/gcc/x86_64-linux-gnu/7.5.0]
  ignore line: [Found candidate GCC installation: /usr/bin/../lib/gcc/x86_64-linux-gnu/8]
  ignore line: [Found candidate GCC installation: /usr/bin/../lib/gcc/x86_64-linux-gnu/9]
  ignore line: [Found candidate GCC installation: /usr/lib/gcc/x86_64-linux-gnu/10]
  ignore line: [Found candidate GCC installation: /usr/lib/gcc/x86_64-linux-gnu/7]
  ignore line: [Found candidate GCC installation: /usr/lib/gcc/x86_64-linux-gnu/7.5.0]
  ignore line: [Found candidate GCC installation: /usr/lib/gcc/x86_64-linux-gnu/8]
  ignore line: [Found candidate GCC installation: /usr/lib/gcc/x86_64-linux-gnu/9]
  ignore line: [Selected GCC installation: /usr/bin/../lib/gcc/x86_64-linux-gnu/10]
  ignore line: [Candidate multilib: .]
  ignore line: [@m64]
  ignore line: [Selected multilib: .]
  ignore line: [@m64]
  link line: [ "/usr/bin/ld" -z relro --hash-style=gnu --build-id --eh-frame-hdr -m elf_x86_64 -dynamic-linker /lib64/ld-linux-x86-64.so.2 -o cmTC_efedd /usr/bin/../lib/gcc/x86_64-linux-gnu/10/../../../x86_64-linux-gnu/crt1.o /usr/bin/../lib/gcc/x86_64-linux-gnu/10/../../../x86_64-linux-gnu/crti.o /usr/bin/../lib/gcc/x86_64-linux-gnu/10/crtbegin.o -L/usr/bin/../lib/gcc/x86_64-linux-gnu/10 -L/usr/bin/../lib/gcc/x86_64-linux-gnu/10/../../../x86_64-linux-gnu -L/usr/bin/../lib/gcc/x86_64-linux-gnu/10/../../../../lib64 -L/lib/x86_64-linux-gnu -L/lib/../lib64 -L/usr/lib/x86_64-linux-gnu -L/usr/lib/../lib64 -L/usr/lib/x86_64-linux-gnu/../../lib64 -L/usr/bin/../lib/gcc/x86_64-linux-gnu/10/../../.. -L/usr/lib/llvm-12/bin/../lib -L/lib -L/usr/lib CMakeFiles/cmTC_efedd.dir/CMakeCXXCompilerABI.cpp.o -lstdc++ -lm -lgcc_s -lgcc -lc -lgcc_s -lgcc /usr/bin/../lib/gcc/x86_64-linux-gnu/10/crtend.o /usr/bin/../lib/gcc/x86_64-linux-gnu/10/../../../x86_64-linux-gnu/crtn.o]
    arg [/usr/bin/ld] ==> ignore
    arg [-zrelro] ==> ignore
    arg [--hash-style=gnu] ==> ignore
    arg [--build-id] ==> ignore
    arg [--eh-frame-hdr] ==> ignore
    arg [-m] ==> ignore
    arg [elf_x86_64] ==> ignore
    arg [-dynamic-linker] ==> ignore
    arg [/lib64/ld-linux-x86-64.so.2] ==> ignore
    arg [-o] ==> ignore
    arg [cmTC_efedd] ==> ignore
    arg [/usr/bin/../lib/gcc/x86_64-linux-gnu/10/../../../x86_64-linux-gnu/crt1.o] ==> obj [/usr/bin/../lib/gcc/x86_64-linux-gnu/10/../../../x86_64-linux-gnu/crt1.o]
    arg [/usr/bin/../lib/gcc/x86_64-linux-gnu/10/../../../x86_64-linux-gnu/crti.o] ==> obj [/usr/bin/../lib/gcc/x86_64-linux-gnu/10/../../../x86_64-linux-gnu/crti.o]
    arg [/usr/bin/../lib/gcc/x86_64-linux-gnu/10/crtbegin.o] ==> obj [/usr/bin/../lib/gcc/x86_64-linux-gnu/10/crtbegin.o]
    arg [-L/usr/bin/../lib/gcc/x86_64-linux-gnu/10] ==> dir [/usr/bin/../lib/gcc/x86_64-linux-gnu/10]
    arg [-L/usr/bin/../lib/gcc/x86_64-linux-gnu/10/../../../x86_64-linux-gnu] ==> dir [/usr/bin/../lib/gcc/x86_64-linux-gnu/10/../../../x86_64-linux-gnu]
    arg [-L/usr/bin/../lib/gcc/x86_64-linux-gnu/10/../../../../lib64] ==> dir [/usr/bin/../lib/gcc/x86_64-linux-gnu/10/../../../../lib64]
    arg [-L/lib/x86_64-linux-gnu] ==> dir [/lib/x86_64-linux-gnu]
    arg [-L/lib/../lib64] ==> dir [/lib/../lib64]
    arg [-L/usr/lib/x86_64-linux-gnu] ==> dir [/usr/lib/x86_64-linux-gnu]
    arg [-L/usr/lib/../lib64] ==> dir [/usr/lib/../lib64]
    arg [-L/usr/lib/x86_64-linux-gnu/../../lib64] ==> dir [/usr/lib/x86_64-linux-gnu/../../lib64]
    arg [-L/usr/bin/../lib/gcc/x86_64-linux-gnu/10/../../..] ==> dir [/usr/bin/../lib/gcc/x86_64-linux-gnu/10/../../..]
    arg [-L/usr/lib/llvm-12/bin/../lib] ==> dir [/usr/lib/llvm-12/bin/../lib]
    arg [-L/lib] ==> dir [/lib]
    arg [-L/usr/lib] ==> dir [/usr/lib]
    arg [CMakeFiles/cmTC_efedd.dir/CMakeCXXCompilerABI.cpp.o] ==> ignore
    arg [-lstdc++] ==> lib [stdc++]
    arg [-lm] ==> lib [m]
    arg [-lgcc_s] ==> lib [gcc_s]
    arg [-lgcc] ==> lib [gcc]
    arg [-lc] ==> lib [c]
    arg [-lgcc_s] ==> lib [gcc_s]
    arg [-lgcc] ==> lib [gcc]
    arg [/usr/bin/../lib/gcc/x86_64-linux-gnu/10/crtend.o] ==> obj [/usr/bin/../lib/gcc/x86_64-linux-gnu/10/crtend.o]
    arg [/usr/bin/../lib/gcc/x86_64-linux-gnu/10/../../../x86_64-linux-gnu/crtn.o] ==> obj [/usr/bin/../lib/gcc/x86_64-linux-gnu/10/../../../x86_64-linux-gnu/crtn.o]
  collapse obj [/usr/bin/../lib/gcc/x86_64-linux-gnu/10/../../../x86_64-linux-gnu/crt1.o] ==> [/usr/lib/x86_64-linux-gnu/crt1.o]
  collapse obj [/usr/bin/../lib/gcc/x86_64-linux-gnu/10/../../../x86_64-linux-gnu/crti.o] ==> [/usr/lib/x86_64-linux-gnu/crti.o]
  collapse obj [/usr/bin/../lib/gcc/x86_64-linux-gnu/10/crtbegin.o] ==> [/usr/lib/gcc/x86_64-linux-gnu/10/crtbegin.o]
  collapse obj [/usr/bin/../lib/gcc/x86_64-linux-gnu/10/crtend.o] ==> [/usr/lib/gcc/x86_64-linux-gnu/10/crtend.o]
  collapse obj [/usr/bin/../lib/gcc/x86_64-linux-gnu/10/../../../x86_64-linux-gnu/crtn.o] ==> [/usr/lib/x86_64-linux-gnu/crtn.o]
  collapse library dir [/usr/bin/../lib/gcc/x86_64-linux-gnu/10] ==> [/usr/lib/gcc/x86_64-linux-gnu/10]
  collapse library dir [/usr/bin/../lib/gcc/x86_64-linux-gnu/10/../../../x86_64-linux-gnu] ==> [/usr/lib/x86_64-linux-gnu]
  collapse library dir [/usr/bin/../lib/gcc/x86_64-linux-gnu/10/../../../../lib64] ==> [/usr/lib64]
  collapse library dir [/lib/x86_64-linux-gnu] ==> [/lib/x86_64-linux-gnu]
  collapse library dir [/lib/../lib64] ==> [/lib64]
  collapse library dir [/usr/lib/x86_64-linux-gnu] ==> [/usr/lib/x86_64-linux-gnu]
  collapse library dir [/usr/lib/../lib64] ==> [/usr/lib64]
  collapse library dir [/usr/lib/x86_64-linux-gnu/../../lib64] ==> [/usr/lib64]
  collapse library dir [/usr/bin/../lib/gcc/x86_64-linux-gnu/10/../../..] ==> [/usr/lib]
  collapse library dir [/usr/lib/llvm-12/bin/../lib] ==> [/usr/lib/llvm-12/lib]
  collapse library dir [/lib] ==> [/lib]
  collapse library dir [/usr/lib] ==> [/usr/lib]
  implicit libs: [stdc++;m;gcc_s;gcc;c;gcc_s;gcc]
  implicit objs: [/usr/lib/x86_64-linux-gnu/crt1.o;/usr/lib/x86_64-linux-gnu/crti.o;/usr/lib/gcc/x86_64-linux-gnu/10/crtbegin.o;/usr/lib/gcc/x86_64-linux-gnu/10/crtend.o;/usr/lib/x86_64-linux-gnu/crtn.o]
  implicit dirs: [/usr/lib/gcc/x86_64-linux-gnu/10;/usr/lib/x86_64-linux-gnu;/usr/lib64;/lib/x86_64-linux-gnu;/lib64;/usr/lib;/usr/lib/llvm-12/lib;/lib]
  implicit fwks: []


Determining if the function shm_open exists in the rt passed with the following output:
Change Dir: /home/fuzhe/projects/datastructures/build/CMakeFiles/CMakeTmp

Run Build Command(s):/usr/bin/make -f Makefile cmTC_38b47/fast && /usr/bin/make  -f CMakeFiles/cmTC_38b47.dir/build.make CMakeFiles/cmTC_38b47.dir/build
make[1]: Entering directory '/home/fuzhe/projects/datastructures/build/CMakeFiles/CMakeTmp'
Building C object CMakeFiles/cmTC_38b47.dir/CheckFunctionExists.c.o
/usr/bin/cc   -DCHECK_FUNCTION_EXISTS=shm_open -MD -MT CMakeFiles/cmTC_38b47.dir/CheckFunctionExists.c.o -MF CMakeFiles/cmTC_38b47.dir/CheckFunctionExists.c.o.d -o CMakeFiles/cmTC_38b47.dir/CheckFunctionExists.c.o -c /usr/local/share/cmake-3.22/Modules/CheckFunctionExists.c
Linking C executable cmTC_38b47
/usr/local/bin/cmake -E cmake_link_script CMakeFiles/cmTC_38b47.dir/link.txt --verbose=1
/usr/bin/cc  -DCHECK_FUNCTION_EXISTS=shm_open CMakeFiles/cmTC_38b47.dir/CheckFunctionExists.c.o -o cmTC_38b47  -lrt 
make[1]: Leaving directory '/home/fuzhe/projects/datastructures/build/CMakeFiles/CMakeTmp'



Performing C++ SOURCE FILE Test HAVE_CXX_FLAG_STD_CXX11 succeeded with the following output:
Change Dir: /home/fuzhe/projects/datastructures/build/CMakeFiles/CMakeTmp

Run Build Command(s):/usr/bin/make -f Makefile cmTC_b748b/fast && /usr/bin/make  -f CMakeFiles/cmTC_b748b.dir/build.make CMakeFiles/cmTC_b748b.dir/build
make[1]: Entering directory '/home/fuzhe/projects/datastructures/build/CMakeFiles/CMakeTmp'
Building CXX object CMakeFiles/cmTC_b748b.dir/src.cxx.o
/usr/bin/c++ -DHAVE_CXX_FLAG_STD_CXX11  -std=c++11   -std=c++11 -MD -MT CMakeFiles/cmTC_b748b.dir/src.cxx.o -MF CMakeFiles/cmTC_b748b.dir/src.cxx.o.d -o CMakeFiles/cmTC_b748b.dir/src.cxx.o -c /home/fuzhe/projects/datastructures/build/CMakeFiles/CMakeTmp/src.cxx
Linking CXX executable cmTC_b748b
/usr/local/bin/cmake -E cmake_link_script CMakeFiles/cmTC_b748b.dir/link.txt --verbose=1
/usr/bin/c++   -std=c++11 CMakeFiles/cmTC_b748b.dir/src.cxx.o -o cmTC_b748b 
make[1]: Leaving directory '/home/fuzhe/projects/datastructures/build/CMakeFiles/CMakeTmp'


Source file was:
int main() { return 0; }
Performing C++ SOURCE FILE Test HAVE_CXX_FLAG_WALL succeeded with the following output:
Change Dir: /home/fuzhe/projects/datastructures/build/CMakeFiles/CMakeTmp

Run Build Command(s):/usr/bin/make -f Makefile cmTC_b24ec/fast && /usr/bin/make  -f CMakeFiles/cmTC_b24ec.dir/build.make CMakeFiles/cmTC_b24ec.dir/build
make[1]: Entering directory '/home/fuzhe/projects/datastructures/build/CMakeFiles/CMakeTmp'
Building CXX object CMakeFiles/cmTC_b24ec.dir/src.cxx.o
/usr/bin/c++ -DHAVE_CXX_FLAG_WALL  -std=c++11  -Wall   -Wall -MD -MT CMakeFiles/cmTC_b24ec.dir/src.cxx.o -MF CMakeFiles/cmTC_b24ec.dir/src.cxx.o.d -o CMakeFiles/cmTC_b24ec.dir/src.cxx.o -c /home/fuzhe/projects/datastructures/build/CMakeFiles/CMakeTmp/src.cxx
Linking CXX executable cmTC_b24ec
/usr/local/bin/cmake -E cmake_link_script CMakeFiles/cmTC_b24ec.dir/link.txt --verbose=1
/usr/bin/c++   -std=c++11  -Wall CMakeFiles/cmTC_b24ec.dir/src.cxx.o -o cmTC_b24ec 
make[1]: Leaving directory '/home/fuzhe/projects/datastructures/build/CMakeFiles/CMakeTmp'


Source file was:
int main() { return 0; }
Performing C++ SOURCE FILE Test HAVE_CXX_FLAG_WEXTRA succeeded with the following output:
Change Dir: /home/fuzhe/projects/datastructures/build/CMakeFiles/CMakeTmp

Run Build Command(s):/usr/bin/make -f Makefile cmTC_60210/fast && /usr/bin/make  -f CMakeFiles/cmTC_60210.dir/build.make CMakeFiles/cmTC_60210.dir/build
make[1]: Entering directory '/home/fuzhe/projects/datastructures/build/CMakeFiles/CMakeTmp'
Building CXX object CMakeFiles/cmTC_60210.dir/src.cxx.o
/usr/bin/c++ -DHAVE_CXX_FLAG_WEXTRA  -std=c++11  -Wall  -Wextra   -Wextra -MD -MT CMakeFiles/cmTC_60210.dir/src.cxx.o -MF CMakeFiles/cmTC_60210.dir/src.cxx.o.d -o CMakeFiles/cmTC_60210.dir/src.cxx.o -c /home/fuzhe/projects/datastructures/build/CMakeFiles/CMakeTmp/src.cxx
Linking CXX executable cmTC_60210
/usr/local/bin/cmake -E cmake_link_script CMakeFiles/cmTC_60210.dir/link.txt --verbose=1
/usr/bin/c++   -std=c++11  -Wall  -Wextra CMakeFiles/cmTC_60210.dir/src.cxx.o -o cmTC_60210 
make[1]: Leaving directory '/home/fuzhe/projects/datastructures/build/CMakeFiles/CMakeTmp'


Source file was:
int main() { return 0; }
Performing C++ SOURCE FILE Test HAVE_CXX_FLAG_WSHADOW succeeded with the following output:
Change Dir: /home/fuzhe/projects/datastructures/build/CMakeFiles/CMakeTmp

Run Build Command(s):/usr/bin/make -f Makefile cmTC_b6d06/fast && /usr/bin/make  -f CMakeFiles/cmTC_b6d06.dir/build.make CMakeFiles/cmTC_b6d06.dir/build
make[1]: Entering directory '/home/fuzhe/projects/datastructures/build/CMakeFiles/CMakeTmp'
Building CXX object CMakeFiles/cmTC_b6d06.dir/src.cxx.o
/usr/bin/c++ -DHAVE_CXX_FLAG_WSHADOW  -std=c++11  -Wall  -Wextra  -Wshadow   -Wshadow -MD -MT CMakeFiles/cmTC_b6d06.dir/src.cxx.o -MF CMakeFiles/cmTC_b6d06.dir/src.cxx.o.d -o CMakeFiles/cmTC_b6d06.dir/src.cxx.o -c /home/fuzhe/projects/datastructures/build/CMakeFiles/CMakeTmp/src.cxx
Linking CXX executable cmTC_b6d06
/usr/local/bin/cmake -E cmake_link_script CMakeFiles/cmTC_b6d06.dir/link.txt --verbose=1
/usr/bin/c++   -std=c++11  -Wall  -Wextra  -Wshadow CMakeFiles/cmTC_b6d06.dir/src.cxx.o -o cmTC_b6d06 
make[1]: Leaving directory '/home/fuzhe/projects/datastructures/build/CMakeFiles/CMakeTmp'


Source file was:
int main() { return 0; }
Performing C++ SOURCE FILE Test HAVE_CXX_FLAG_WFLOAT_EQUAL succeeded with the following output:
Change Dir: /home/fuzhe/projects/datastructures/build/CMakeFiles/CMakeTmp

Run Build Command(s):/usr/bin/make -f Makefile cmTC_69a1e/fast && /usr/bin/make  -f CMakeFiles/cmTC_69a1e.dir/build.make CMakeFiles/cmTC_69a1e.dir/build
make[1]: Entering directory '/home/fuzhe/projects/datastructures/build/CMakeFiles/CMakeTmp'
Building CXX object CMakeFiles/cmTC_69a1e.dir/src.cxx.o
/usr/bin/c++ -DHAVE_CXX_FLAG_WFLOAT_EQUAL  -std=c++11  -Wall  -Wextra  -Wshadow  -Wfloat-equal   -Wfloat-equal -MD -MT CMakeFiles/cmTC_69a1e.dir/src.cxx.o -MF CMakeFiles/cmTC_69a1e.dir/src.cxx.o.d -o CMakeFiles/cmTC_69a1e.dir/src.cxx.o -c /home/fuzhe/projects/datastructures/build/CMakeFiles/CMakeTmp/src.cxx
Linking CXX executable cmTC_69a1e
/usr/local/bin/cmake -E cmake_link_script CMakeFiles/cmTC_69a1e.dir/link.txt --verbose=1
/usr/bin/c++   -std=c++11  -Wall  -Wextra  -Wshadow  -Wfloat-equal CMakeFiles/cmTC_69a1e.dir/src.cxx.o -o cmTC_69a1e 
make[1]: Leaving directory '/home/fuzhe/projects/datastructures/build/CMakeFiles/CMakeTmp'


Source file was:
int main() { return 0; }
Performing C++ SOURCE FILE Test HAVE_CXX_FLAG_WERROR succeeded with the following output:
Change Dir: /home/fuzhe/projects/datastructures/build/CMakeFiles/CMakeTmp

Run Build Command(s):/usr/bin/make -f Makefile cmTC_77f31/fast && /usr/bin/make  -f CMakeFiles/cmTC_77f31.dir/build.make CMakeFiles/cmTC_77f31.dir/build
make[1]: Entering directory '/home/fuzhe/projects/datastructures/build/CMakeFiles/CMakeTmp'
Building CXX object CMakeFiles/cmTC_77f31.dir/src.cxx.o
/usr/bin/c++ -DHAVE_CXX_FLAG_WERROR  -std=c++11  -Wall  -Wextra  -Wshadow  -Wfloat-equal  -Werror   -Werror -MD -MT CMakeFiles/cmTC_77f31.dir/src.cxx.o -MF CMakeFiles/cmTC_77f31.dir/src.cxx.o.d -o CMakeFiles/cmTC_77f31.dir/src.cxx.o -c /home/fuzhe/projects/datastructures/build/CMakeFiles/CMakeTmp/src.cxx
Linking CXX executable cmTC_77f31
/usr/local/bin/cmake -E cmake_link_script CMakeFiles/cmTC_77f31.dir/link.txt --verbose=1
/usr/bin/c++   -std=c++11  -Wall  -Wextra  -Wshadow  -Wfloat-equal  -Werror CMakeFiles/cmTC_77f31.dir/src.cxx.o -o cmTC_77f31 
make[1]: Leaving directory '/home/fuzhe/projects/datastructures/build/CMakeFiles/CMakeTmp'


Source file was:
int main() { return 0; }
Performing C++ SOURCE FILE Test HAVE_CXX_FLAG_WSUGGEST_OVERRIDE succeeded with the following output:
Change Dir: /home/fuzhe/projects/datastructures/build/CMakeFiles/CMakeTmp

Run Build Command(s):/usr/bin/make -f Makefile cmTC_e116c/fast && /usr/bin/make  -f CMakeFiles/cmTC_e116c.dir/build.make CMakeFiles/cmTC_e116c.dir/build
make[1]: Entering directory '/home/fuzhe/projects/datastructures/build/CMakeFiles/CMakeTmp'
Building CXX object CMakeFiles/cmTC_e116c.dir/src.cxx.o
/usr/bin/c++ -DHAVE_CXX_FLAG_WSUGGEST_OVERRIDE  -std=c++11  -Wall  -Wextra  -Wshadow  -Wfloat-equal  -Wsuggest-override   -Wsuggest-override -MD -MT CMakeFiles/cmTC_e116c.dir/src.cxx.o -MF CMakeFiles/cmTC_e116c.dir/src.cxx.o.d -o CMakeFiles/cmTC_e116c.dir/src.cxx.o -c /home/fuzhe/projects/datastructures/build/CMakeFiles/CMakeTmp/src.cxx
Linking CXX executable cmTC_e116c
/usr/local/bin/cmake -E cmake_link_script CMakeFiles/cmTC_e116c.dir/link.txt --verbose=1
/usr/bin/c++   -std=c++11  -Wall  -Wextra  -Wshadow  -Wfloat-equal  -Wsuggest-override CMakeFiles/cmTC_e116c.dir/src.cxx.o -o cmTC_e116c 
make[1]: Leaving directory '/home/fuzhe/projects/datastructures/build/CMakeFiles/CMakeTmp'


Source file was:
int main() { return 0; }
Performing C++ SOURCE FILE Test HAVE_CXX_FLAG_PEDANTIC succeeded with the following output:
Change Dir: /home/fuzhe/projects/datastructures/build/CMakeFiles/CMakeTmp

Run Build Command(s):/usr/bin/make -f Makefile cmTC_27ab4/fast && /usr/bin/make  -f CMakeFiles/cmTC_27ab4.dir/build.make CMakeFiles/cmTC_27ab4.dir/build
make[1]: Entering directory '/home/fuzhe/projects/datastructures/build/CMakeFiles/CMakeTmp'
Building CXX object CMakeFiles/cmTC_27ab4.dir/src.cxx.o
/usr/bin/c++ -DHAVE_CXX_FLAG_PEDANTIC  -std=c++11  -Wall  -Wextra  -Wshadow  -Wfloat-equal  -Wsuggest-override  -pedantic   -pedantic -MD -MT CMakeFiles/cmTC_27ab4.dir/src.cxx.o -MF CMakeFiles/cmTC_27ab4.dir/src.cxx.o.d -o CMakeFiles/cmTC_27ab4.dir/src.cxx.o -c /home/fuzhe/projects/datastructures/build/CMakeFiles/CMakeTmp/src.cxx
Linking CXX executable cmTC_27ab4
/usr/local/bin/cmake -E cmake_link_script CMakeFiles/cmTC_27ab4.dir/link.txt --verbose=1
/usr/bin/c++   -std=c++11  -Wall  -Wextra  -Wshadow  -Wfloat-equal  -Wsuggest-override  -pedantic CMakeFiles/cmTC_27ab4.dir/src.cxx.o -o cmTC_27ab4 
make[1]: Leaving directory '/home/fuzhe/projects/datastructures/build/CMakeFiles/CMakeTmp'


Source file was:
int main() { return 0; }
Performing C++ SOURCE FILE Test HAVE_CXX_FLAG_PEDANTIC_ERRORS succeeded with the following output:
Change Dir: /home/fuzhe/projects/datastructures/build/CMakeFiles/CMakeTmp

Run Build Command(s):/usr/bin/make -f Makefile cmTC_82e57/fast && /usr/bin/make  -f CMakeFiles/cmTC_82e57.dir/build.make CMakeFiles/cmTC_82e57.dir/build
make[1]: Entering directory '/home/fuzhe/projects/datastructures/build/CMakeFiles/CMakeTmp'
Building CXX object CMakeFiles/cmTC_82e57.dir/src.cxx.o
/usr/bin/c++ -DHAVE_CXX_FLAG_PEDANTIC_ERRORS  -std=c++11  -Wall  -Wextra  -Wshadow  -Wfloat-equal  -Wsuggest-override  -pedantic  -pedantic-errors   -pedantic-errors -MD -MT CMakeFiles/cmTC_82e57.dir/src.cxx.o -MF CMakeFiles/cmTC_82e57.dir/src.cxx.o.d -o CMakeFiles/cmTC_82e57.dir/src.cxx.o -c /home/fuzhe/projects/datastructures/build/CMakeFiles/CMakeTmp/src.cxx
Linking CXX executable cmTC_82e57
/usr/local/bin/cmake -E cmake_link_script CMakeFiles/cmTC_82e57.dir/link.txt --verbose=1
/usr/bin/c++   -std=c++11  -Wall  -Wextra  -Wshadow  -Wfloat-equal  -Wsuggest-override  -pedantic  -pedantic-errors CMakeFiles/cmTC_82e57.dir/src.cxx.o -o cmTC_82e57 
make[1]: Leaving directory '/home/fuzhe/projects/datastructures/build/CMakeFiles/CMakeTmp'


Source file was:
int main() { return 0; }
Performing C++ SOURCE FILE Test HAVE_CXX_FLAG_WSHORTEN_64_TO_32 succeeded with the following output:
Change Dir: /home/fuzhe/projects/datastructures/build/CMakeFiles/CMakeTmp

Run Build Command(s):/usr/bin/make -f Makefile cmTC_152d0/fast && /usr/bin/make  -f CMakeFiles/cmTC_152d0.dir/build.make CMakeFiles/cmTC_152d0.dir/build
make[1]: Entering directory '/home/fuzhe/projects/datastructures/build/CMakeFiles/CMakeTmp'
Building CXX object CMakeFiles/cmTC_152d0.dir/src.cxx.o
/usr/bin/c++ -DHAVE_CXX_FLAG_WSHORTEN_64_TO_32  -std=c++11  -Wall  -Wextra  -Wshadow  -Wfloat-equal  -Wsuggest-override  -pedantic  -pedantic-errors  -Wshorten-64-to-32   -Wshorten-64-to-32 -MD -MT CMakeFiles/cmTC_152d0.dir/src.cxx.o -MF CMakeFiles/cmTC_152d0.dir/src.cxx.o.d -o CMakeFiles/cmTC_152d0.dir/src.cxx.o -c /home/fuzhe/projects/datastructures/build/CMakeFiles/CMakeTmp/src.cxx
Linking CXX executable cmTC_152d0
/usr/local/bin/cmake -E cmake_link_script CMakeFiles/cmTC_152d0.dir/link.txt --verbose=1
/usr/bin/c++   -std=c++11  -Wall  -Wextra  -Wshadow  -Wfloat-equal  -Wsuggest-override  -pedantic  -pedantic-errors  -Wshorten-64-to-32 CMakeFiles/cmTC_152d0.dir/src.cxx.o -o cmTC_152d0 
make[1]: Leaving directory '/home/fuzhe/projects/datastructures/build/CMakeFiles/CMakeTmp'


Source file was:
int main() { return 0; }
Performing C++ SOURCE FILE Test HAVE_CXX_FLAG_FSTRICT_ALIASING succeeded with the following output:
Change Dir: /home/fuzhe/projects/datastructures/build/CMakeFiles/CMakeTmp

Run Build Command(s):/usr/bin/make -f Makefile cmTC_e3846/fast && /usr/bin/make  -f CMakeFiles/cmTC_e3846.dir/build.make CMakeFiles/cmTC_e3846.dir/build
make[1]: Entering directory '/home/fuzhe/projects/datastructures/build/CMakeFiles/CMakeTmp'
Building CXX object CMakeFiles/cmTC_e3846.dir/src.cxx.o
/usr/bin/c++ -DHAVE_CXX_FLAG_FSTRICT_ALIASING  -std=c++11  -Wall  -Wextra  -Wshadow  -Wfloat-equal  -Wsuggest-override  -pedantic  -pedantic-errors  -Wshorten-64-to-32  -fstrict-aliasing   -fstrict-aliasing -MD -MT CMakeFiles/cmTC_e3846.dir/src.cxx.o -MF CMakeFiles/cmTC_e3846.dir/src.cxx.o.d -o CMakeFiles/cmTC_e3846.dir/src.cxx.o -c /home/fuzhe/projects/datastructures/build/CMakeFiles/CMakeTmp/src.cxx
Linking CXX executable cmTC_e3846
/usr/local/bin/cmake -E cmake_link_script CMakeFiles/cmTC_e3846.dir/link.txt --verbose=1
/usr/bin/c++   -std=c++11  -Wall  -Wextra  -Wshadow  -Wfloat-equal  -Wsuggest-override  -pedantic  -pedantic-errors  -Wshorten-64-to-32  -fstrict-aliasing CMakeFiles/cmTC_e3846.dir/src.cxx.o -o cmTC_e3846 
make[1]: Leaving directory '/home/fuzhe/projects/datastructures/build/CMakeFiles/CMakeTmp'


Source file was:
int main() { return 0; }
Performing C++ SOURCE FILE Test HAVE_CXX_FLAG_WNO_DEPRECATED_DECLARATIONS succeeded with the following output:
Change Dir: /home/fuzhe/projects/datastructures/build/CMakeFiles/CMakeTmp

Run Build Command(s):/usr/bin/make -f Makefile cmTC_30db7/fast && /usr/bin/make  -f CMakeFiles/cmTC_30db7.dir/build.make CMakeFiles/cmTC_30db7.dir/build
make[1]: Entering directory '/home/fuzhe/projects/datastructures/build/CMakeFiles/CMakeTmp'
Building CXX object CMakeFiles/cmTC_30db7.dir/src.cxx.o
/usr/bin/c++ -DHAVE_CXX_FLAG_WNO_DEPRECATED_DECLARATIONS  -std=c++11  -Wall  -Wextra  -Wshadow  -Wfloat-equal  -Wsuggest-override  -pedantic  -pedantic-errors  -Wshorten-64-to-32  -fstrict-aliasing  -Wno-deprecated-declarations   -Wno-deprecated-declarations -MD -MT CMakeFiles/cmTC_30db7.dir/src.cxx.o -MF CMakeFiles/cmTC_30db7.dir/src.cxx.o.d -o CMakeFiles/cmTC_30db7.dir/src.cxx.o -c /home/fuzhe/projects/datastructures/build/CMakeFiles/CMakeTmp/src.cxx
Linking CXX executable cmTC_30db7
/usr/local/bin/cmake -E cmake_link_script CMakeFiles/cmTC_30db7.dir/link.txt --verbose=1
/usr/bin/c++   -std=c++11  -Wall  -Wextra  -Wshadow  -Wfloat-equal  -Wsuggest-override  -pedantic  -pedantic-errors  -Wshorten-64-to-32  -fstrict-aliasing  -Wno-deprecated-declarations CMakeFiles/cmTC_30db7.dir/src.cxx.o -o cmTC_30db7 
make[1]: Leaving directory '/home/fuzhe/projects/datastructures/build/CMakeFiles/CMakeTmp'


Source file was:
int main() { return 0; }
Performing C++ SOURCE FILE Test HAVE_CXX_FLAG_WNO_DEPRECATED succeeded with the following output:
Change Dir: /home/fuzhe/projects/datastructures/build/CMakeFiles/CMakeTmp

Run Build Command(s):/usr/bin/make -f Makefile cmTC_c7a21/fast && /usr/bin/make  -f CMakeFiles/cmTC_c7a21.dir/build.make CMakeFiles/cmTC_c7a21.dir/build
make[1]: Entering directory '/home/fuzhe/projects/datastructures/build/CMakeFiles/CMakeTmp'
Building CXX object CMakeFiles/cmTC_c7a21.dir/src.cxx.o
/usr/bin/c++ -DHAVE_CXX_FLAG_WNO_DEPRECATED  -std=c++11  -Wall  -Wextra  -Wshadow  -Wfloat-equal  -Wsuggest-override  -pedantic  -pedantic-errors  -Wshorten-64-to-32  -fstrict-aliasing  -Wno-deprecated-declarations  -Wno-deprecated   -Wno-deprecated -MD -MT CMakeFiles/cmTC_c7a21.dir/src.cxx.o -MF CMakeFiles/cmTC_c7a21.dir/src.cxx.o.d -o CMakeFiles/cmTC_c7a21.dir/src.cxx.o -c /home/fuzhe/projects/datastructures/build/CMakeFiles/CMakeTmp/src.cxx
Linking CXX executable cmTC_c7a21
/usr/local/bin/cmake -E cmake_link_script CMakeFiles/cmTC_c7a21.dir/link.txt --verbose=1
/usr/bin/c++   -std=c++11  -Wall  -Wextra  -Wshadow  -Wfloat-equal  -Wsuggest-override  -pedantic  -pedantic-errors  -Wshorten-64-to-32  -fstrict-aliasing  -Wno-deprecated-declarations  -Wno-deprecated CMakeFiles/cmTC_c7a21.dir/src.cxx.o -o cmTC_c7a21 
make[1]: Leaving directory '/home/fuzhe/projects/datastructures/build/CMakeFiles/CMakeTmp'


Source file was:
int main() { return 0; }
Performing C++ SOURCE FILE Test HAVE_CXX_FLAG_WSTRICT_ALIASING succeeded with the following output:
Change Dir: /home/fuzhe/projects/datastructures/build/CMakeFiles/CMakeTmp

Run Build Command(s):/usr/bin/make -f Makefile cmTC_129dd/fast && /usr/bin/make  -f CMakeFiles/cmTC_129dd.dir/build.make CMakeFiles/cmTC_129dd.dir/build
make[1]: Entering directory '/home/fuzhe/projects/datastructures/build/CMakeFiles/CMakeTmp'
Building CXX object CMakeFiles/cmTC_129dd.dir/src.cxx.o
/usr/bin/c++ -DHAVE_CXX_FLAG_WSTRICT_ALIASING  -std=c++11  -Wall  -Wextra  -Wshadow  -Wfloat-equal  -Wsuggest-override  -pedantic  -pedantic-errors  -Wshorten-64-to-32  -fstrict-aliasing  -Wno-deprecated-declarations  -Wstrict-aliasing   -Wstrict-aliasing -MD -MT CMakeFiles/cmTC_129dd.dir/src.cxx.o -MF CMakeFiles/cmTC_129dd.dir/src.cxx.o.d -o CMakeFiles/cmTC_129dd.dir/src.cxx.o -c /home/fuzhe/projects/datastructures/build/CMakeFiles/CMakeTmp/src.cxx
Linking CXX executable cmTC_129dd
/usr/local/bin/cmake -E cmake_link_script CMakeFiles/cmTC_129dd.dir/link.txt --verbose=1
/usr/bin/c++   -std=c++11  -Wall  -Wextra  -Wshadow  -Wfloat-equal  -Wsuggest-override  -pedantic  -pedantic-errors  -Wshorten-64-to-32  -fstrict-aliasing  -Wno-deprecated-declarations  -Wstrict-aliasing CMakeFiles/cmTC_129dd.dir/src.cxx.o -o cmTC_129dd 
make[1]: Leaving directory '/home/fuzhe/projects/datastructures/build/CMakeFiles/CMakeTmp'


Source file was:
int main() { return 0; }
Performing C++ SOURCE FILE Test HAVE_CXX_FLAG_WTHREAD_SAFETY succeeded with the following output:
Change Dir: /home/fuzhe/projects/datastructures/build/CMakeFiles/CMakeTmp

Run Build Command(s):/usr/bin/make -f Makefile cmTC_1ba6a/fast && /usr/bin/make  -f CMakeFiles/cmTC_1ba6a.dir/build.make CMakeFiles/cmTC_1ba6a.dir/build
make[1]: Entering directory '/home/fuzhe/projects/datastructures/build/CMakeFiles/CMakeTmp'
Building CXX object CMakeFiles/cmTC_1ba6a.dir/src.cxx.o
/usr/bin/c++ -DHAVE_CXX_FLAG_WTHREAD_SAFETY  -std=c++11  -Wall  -Wextra  -Wshadow  -Wfloat-equal  -Wsuggest-override  -pedantic  -pedantic-errors  -Wshorten-64-to-32  -fstrict-aliasing  -Wno-deprecated-declarations  -Wstrict-aliasing  -Wthread-safety   -Wthread-safety -MD -MT CMakeFiles/cmTC_1ba6a.dir/src.cxx.o -MF CMakeFiles/cmTC_1ba6a.dir/src.cxx.o.d -o CMakeFiles/cmTC_1ba6a.dir/src.cxx.o -c /home/fuzhe/projects/datastructures/build/CMakeFiles/CMakeTmp/src.cxx
Linking CXX executable cmTC_1ba6a
/usr/local/bin/cmake -E cmake_link_script CMakeFiles/cmTC_1ba6a.dir/link.txt --verbose=1
/usr/bin/c++   -std=c++11  -Wall  -Wextra  -Wshadow  -Wfloat-equal  -Wsuggest-override  -pedantic  -pedantic-errors  -Wshorten-64-to-32  -fstrict-aliasing  -Wno-deprecated-declarations  -Wstrict-aliasing  -Wthread-safety CMakeFiles/cmTC_1ba6a.dir/src.cxx.o -o cmTC_1ba6a 
make[1]: Leaving directory '/home/fuzhe/projects/datastructures/build/CMakeFiles/CMakeTmp'


Source file was:
int main() { return 0; }
Performing C++ SOURCE FILE Test HAVE_CXX_FLAG_COVERAGE succeeded with the following output:
Change Dir: /home/fuzhe/projects/datastructures/build/CMakeFiles/CMakeTmp

Run Build Command(s):/usr/bin/make -f Makefile cmTC_8fa4a/fast && /usr/bin/make  -f CMakeFiles/cmTC_8fa4a.dir/build.make CMakeFiles/cmTC_8fa4a.dir/build
make[1]: Entering directory '/home/fuzhe/projects/datastructures/build/CMakeFiles/CMakeTmp'
Building CXX object CMakeFiles/cmTC_8fa4a.dir/src.cxx.o
/usr/bin/c++ -DHAVE_CXX_FLAG_COVERAGE  -std=c++11  -Wall  -Wextra  -Wshadow  -Wfloat-equal  -Wsuggest-override  -pedantic  -pedantic-errors  -Wshorten-64-to-32  -fstrict-aliasing  -Wno-deprecated-declarations  -Wstrict-aliasing  -Wthread-safety  --coverage   --coverage -MD -MT CMakeFiles/cmTC_8fa4a.dir/src.cxx.o -MF CMakeFiles/cmTC_8fa4a.dir/src.cxx.o.d -o CMakeFiles/cmTC_8fa4a.dir/src.cxx.o -c /home/fuzhe/projects/datastructures/build/CMakeFiles/CMakeTmp/src.cxx
Linking CXX executable cmTC_8fa4a
/usr/local/bin/cmake -E cmake_link_script CMakeFiles/cmTC_8fa4a.dir/link.txt --verbose=1
/usr/bin/c++   -std=c++11  -Wall  -Wextra  -Wshadow  -Wfloat-equal  -Wsuggest-override  -pedantic  -pedantic-errors  -Wshorten-64-to-32  -fstrict-aliasing  -Wno-deprecated-declarations  -Wstrict-aliasing  -Wthread-safety  --coverage CMakeFiles/cmTC_8fa4a.dir/src.cxx.o -o cmTC_8fa4a 
make[1]: Leaving directory '/home/fuzhe/projects/datastructures/build/CMakeFiles/CMakeTmp'


Source file was:
int main() { return 0; }
Determining if the include file pthread.h exists passed with the following output:
Change Dir: /home/fuzhe/projects/datastructures/build/CMakeFiles/CMakeTmp

Run Build Command(s):/usr/bin/make -f Makefile cmTC_3f06b/fast && /usr/bin/make  -f CMakeFiles/cmTC_3f06b.dir/build.make CMakeFiles/cmTC_3f06b.dir/build
make[1]: Entering directory '/home/fuzhe/projects/datastructures/build/CMakeFiles/CMakeTmp'
Building C object CMakeFiles/cmTC_3f06b.dir/CheckIncludeFile.c.o
/usr/bin/cc    -MD -MT CMakeFiles/cmTC_3f06b.dir/CheckIncludeFile.c.o -MF CMakeFiles/cmTC_3f06b.dir/CheckIncludeFile.c.o.d -o CMakeFiles/cmTC_3f06b.dir/CheckIncludeFile.c.o -c /home/fuzhe/projects/datastructures/build/CMakeFiles/CMakeTmp/CheckIncludeFile.c
Linking C executable cmTC_3f06b
/usr/local/bin/cmake -E cmake_link_script CMakeFiles/cmTC_3f06b.dir/link.txt --verbose=1
/usr/bin/cc CMakeFiles/cmTC_3f06b.dir/CheckIncludeFile.c.o -o cmTC_3f06b 
make[1]: Leaving directory '/home/fuzhe/projects/datastructures/build/CMakeFiles/CMakeTmp'



Performing C++ SOURCE FILE Test COMPILER_HAS_HIDDEN_VISIBILITY succeeded with the following output:
Change Dir: /home/fuzhe/projects/datastructures/build/CMakeFiles/CMakeTmp

Run Build Command(s):/usr/bin/make -f Makefile cmTC_67a56/fast && /usr/bin/make  -f CMakeFiles/cmTC_67a56.dir/build.make CMakeFiles/cmTC_67a56.dir/build
make[1]: Entering directory '/home/fuzhe/projects/datastructures/build/CMakeFiles/CMakeTmp'
Building CXX object CMakeFiles/cmTC_67a56.dir/src.cxx.o
/usr/bin/c++ -DCOMPILER_HAS_HIDDEN_VISIBILITY  -std=c++11  -Wall  -Wextra  -Wshadow  -Wfloat-equal  -Wsuggest-override  -pedantic  -pedantic-errors  -Wshorten-64-to-32  -fstrict-aliasing  -Wno-deprecated-declarations  -Wstrict-aliasing  -Wthread-safety    -fvisibility=hidden -MD -MT CMakeFiles/cmTC_67a56.dir/src.cxx.o -MF CMakeFiles/cmTC_67a56.dir/src.cxx.o.d -o CMakeFiles/cmTC_67a56.dir/src.cxx.o -c /home/fuzhe/projects/datastructures/build/CMakeFiles/CMakeTmp/src.cxx
Linking CXX executable cmTC_67a56
/usr/local/bin/cmake -E cmake_link_script CMakeFiles/cmTC_67a56.dir/link.txt --verbose=1
/usr/bin/c++   -std=c++11  -Wall  -Wextra  -Wshadow  -Wfloat-equal  -Wsuggest-override  -pedantic  -pedantic-errors  -Wshorten-64-to-32  -fstrict-aliasing  -Wno-deprecated-declarations  -Wstrict-aliasing  -Wthread-safety  CMakeFiles/cmTC_67a56.dir/src.cxx.o -o cmTC_67a56 
make[1]: Leaving directory '/home/fuzhe/projects/datastructures/build/CMakeFiles/CMakeTmp'


Source file was:
int main() { return 0; }
Performing C++ SOURCE FILE Test COMPILER_HAS_HIDDEN_INLINE_VISIBILITY succeeded with the following output:
Change Dir: /home/fuzhe/projects/datastructures/build/CMakeFiles/CMakeTmp

Run Build Command(s):/usr/bin/make -f Makefile cmTC_55f3c/fast && /usr/bin/make  -f CMakeFiles/cmTC_55f3c.dir/build.make CMakeFiles/cmTC_55f3c.dir/build
make[1]: Entering directory '/home/fuzhe/projects/datastructures/build/CMakeFiles/CMakeTmp'
Building CXX object CMakeFiles/cmTC_55f3c.dir/src.cxx.o
/usr/bin/c++ -DCOMPILER_HAS_HIDDEN_INLINE_VISIBILITY  -std=c++11  -Wall  -Wextra  -Wshadow  -Wfloat-equal  -Wsuggest-override  -pedantic  -pedantic-errors  -Wshorten-64-to-32  -fstrict-aliasing  -Wno-deprecated-declarations  -Wstrict-aliasing  -Wthread-safety    -fvisibility-inlines-hidden -MD -MT CMakeFiles/cmTC_55f3c.dir/src.cxx.o -MF CMakeFiles/cmTC_55f3c.dir/src.cxx.o.d -o CMakeFiles/cmTC_55f3c.dir/src.cxx.o -c /home/fuzhe/projects/datastructures/build/CMakeFiles/CMakeTmp/src.cxx
Linking CXX executable cmTC_55f3c
/usr/local/bin/cmake -E cmake_link_script CMakeFiles/cmTC_55f3c.dir/link.txt --verbose=1
/usr/bin/c++   -std=c++11  -Wall  -Wextra  -Wshadow  -Wfloat-equal  -Wsuggest-override  -pedantic  -pedantic-errors  -Wshorten-64-to-32  -fstrict-aliasing  -Wno-deprecated-declarations  -Wstrict-aliasing  -Wthread-safety  CMakeFiles/cmTC_55f3c.dir/src.cxx.o -o cmTC_55f3c 
make[1]: Leaving directory '/home/fuzhe/projects/datastructures/build/CMakeFiles/CMakeTmp'


Source file was:
int main() { return 0; }
Performing C++ SOURCE FILE Test COMPILER_HAS_DEPRECATED_ATTR succeeded with the following output:
Change Dir: /home/fuzhe/projects/datastructures/build/CMakeFiles/CMakeTmp

Run Build Command(s):/usr/bin/make -f Makefile cmTC_66058/fast && /usr/bin/make  -f CMakeFiles/cmTC_66058.dir/build.make CMakeFiles/cmTC_66058.dir/build
make[1]: Entering directory '/home/fuzhe/projects/datastructures/build/CMakeFiles/CMakeTmp'
Building CXX object CMakeFiles/cmTC_66058.dir/src.cxx.o
/usr/bin/c++ -DCOMPILER_HAS_DEPRECATED_ATTR  -std=c++11  -Wall  -Wextra  -Wshadow  -Wfloat-equal  -Wsuggest-override  -pedantic  -pedantic-errors  -Wshorten-64-to-32  -fstrict-aliasing  -Wno-deprecated-declarations  -Wstrict-aliasing  -Wthread-safety  -MD -MT CMakeFiles/cmTC_66058.dir/src.cxx.o -MF CMakeFiles/cmTC_66058.dir/src.cxx.o.d -o CMakeFiles/cmTC_66058.dir/src.cxx.o -c /home/fuzhe/projects/datastructures/build/CMakeFiles/CMakeTmp/src.cxx
Linking CXX executable cmTC_66058
/usr/local/bin/cmake -E cmake_link_script CMakeFiles/cmTC_66058.dir/link.txt --verbose=1
/usr/bin/c++   -std=c++11  -Wall  -Wextra  -Wshadow  -Wfloat-equal  -Wsuggest-override  -pedantic  -pedantic-errors  -Wshorten-64-to-32  -fstrict-aliasing  -Wno-deprecated-declarations  -Wstrict-aliasing  -Wthread-safety  CMakeFiles/cmTC_66058.dir/src.cxx.o -o cmTC_66058 
make[1]: Leaving directory '/home/fuzhe/projects/datastructures/build/CMakeFiles/CMakeTmp'


Source file was:
__attribute__((__deprecated__)) int somefunc() { return 0; }
    int main() { return somefunc();}
